2021-06-23 11:34:10,120 : INFO - Empezando envío de mensaje
2021-06-23 11:34:14,047 : ERROR - [2021-06-23 11:34:10.809541] Problema al correr los reportes 
 division by zero
Traceback (most recent call last):
  File "E:/proyectos/email_bosni_simec/main.py", line 24, in <module>
    success, msg = reports.run_all_reports(test=test)
  File "E:\proyectos\email_bosni_simec\reports.py", line 44, in run_all_reports
    x  = 1/0
ZeroDivisionError: division by zero

2021-06-23 11:34:18,729 : ERROR - Correo enviado correctamente. Detalles enviados a: rsanchez@cenace.org.ec
2021-06-23 11:37:13,776 : INFO - Empezando envío de mensaje
2021-06-23 11:37:19,944 : ERROR - Problema al correr los reportes 
 division by zero
Traceback (most recent call last):
  File "E:/proyectos/email_bosni_simec/main.py", line 24, in <module>
    success, msg = reports.run_all_reports(test=test)
  File "E:\proyectos\email_bosni_simec\reports.py", line 44, in run_all_reports
    x  = 1/0
ZeroDivisionError: division by zero

2021-06-23 11:37:28,298 : ERROR - Correo enviado correctamente. Detalles enviados a: rsanchez@cenace.org.ec
2021-06-23 11:38:35,529 : INFO - Empezando envío de mensaje
2021-06-23 11:38:41,570 : INFO - Reporte [BosniSIMEC_1]: Correo enviado correctamente. Detalles enviados a: rsanchez@cenace.org.ec
2021-06-23 11:38:42,176 : INFO - Reporte [BosniSIMEC_2]: Correo enviado correctamente. Detalles enviados a: rsanchez@cenace.org.ec
2021-06-23 11:38:42,177 : INFO - Reportes enviados de manera correcta: [2]
